# JRE version: Java(TM) SE Runtime Environment (8.0_20-b26) (build 1.8.0_20-b26)
# Java VM: Java HotSpot(TM) 64-Bit Server VM (25.20-b23 mixed mode linux-amd64 compressed oops)
Heap:
 PSYoungGen      total 25088K, used 6604K [0x00000000ec200000, 0x00000000ee700000, 0x0000000100000000)
  eden space 19456K, 20% used [0x00000000ec200000,0x00000000ec5db200,0x00000000ed500000)
  from space 5632K, 47% used [0x00000000ed500000,0x00000000ed798048,0x00000000eda80000)
  to   space 5632K, 0% used [0x00000000ee180000,0x00000000ee180000,0x00000000ee700000)
 ParOldGen       total 297984K, used 277535K [0x00000000c4600000, 0x00000000d6900000, 0x00000000ec200000)
  object space 297984K, 93% used [0x00000000c4600000,0x00000000d5507df0,0x00000000d6900000)
 Metaspace       used 29491K, capacity 30788K, committed 30976K, reserved 1075200K
  class space    used 4034K, capacity 4269K, committed 4352K, reserved 1048576K
GC Heap History (10 events):
Event: 4,965 GC heap before
{Heap before GC invocations=4 (full 1):
 PSYoungGen      total 17920K, used 2544K [0x00000000ec200000, 0x00000000ed600000, 0x0000000100000000)
  eden space 15360K, 0% used [0x00000000ec200000,0x00000000ec200000,0x00000000ed100000)
  from space 2560K, 99% used [0x00000000ed100000,0x00000000ed37c050,0x00000000ed380000)
  to   space 2560K, 0% used [0x00000000ed380000,0x00000000ed380000,0x00000000ed600000)
 ParOldGen       total 40960K, used 4923K [0x00000000c4600000, 0x00000000c6e00000, 0x00000000ec200000)
  object space 40960K, 12% used [0x00000000c4600000,0x00000000c4acecc8,0x00000000c6e00000)
 Metaspace       used 20522K, capacity 21070K, committed 21248K, reserved 1067008K
  class space    used 2813K, capacity 2964K, committed 3072K, reserved 1048576K
Event: 5,028 GC heap after
Heap after GC invocations=4 (full 1):
 PSYoungGen      total 17920K, used 0K [0x00000000ec200000, 0x00000000ed600000, 0x0000000100000000)
  eden space 15360K, 0% used [0x00000000ec200000,0x00000000ec200000,0x00000000ed100000)
  from space 2560K, 0% used [0x00000000ed100000,0x00000000ed100000,0x00000000ed380000)
  to   space 2560K, 0% used [0x00000000ed380000,0x00000000ed380000,0x00000000ed600000)
 ParOldGen       total 36864K, used 7173K [0x00000000c4600000, 0x00000000c6a00000, 0x00000000ec200000)
  object space 36864K, 19% used [0x00000000c4600000,0x00000000c4d01648,0x00000000c6a00000)
 Metaspace       used 20521K, capacity 21068K, committed 21248K, reserved 1067008K
  class space    used 2813K, capacity 2963K, committed 3072K, reserved 1048576K
}
Event: 6,316 GC heap before
{Heap before GC invocations=5 (full 1):
 PSYoungGen      total 17920K, used 15360K [0x00000000ec200000, 0x00000000ed600000, 0x0000000100000000)
  eden space 15360K, 100% used [0x00000000ec200000,0x00000000ed100000,0x00000000ed100000)
  from space 2560K, 0% used [0x00000000ed100000,0x00000000ed100000,0x00000000ed380000)
  to   space 2560K, 0% used [0x00000000ed380000,0x00000000ed380000,0x00000000ed600000)
 ParOldGen       total 36864K, used 7173K [0x00000000c4600000, 0x00000000c6a00000, 0x00000000ec200000)
  object space 36864K, 19% used [0x00000000c4600000,0x00000000c4d01648,0x00000000c6a00000)
 Metaspace       used 26205K, capacity 27380K, committed 27648K, reserved 1073152K
  class space    used 3771K, capacity 3989K, committed 4096K, reserved 1048576K
Event: 6,325 GC heap after
Heap after GC invocations=5 (full 1):
 PSYoungGen      total 17920K, used 2130K [0x00000000ec200000, 0x00000000edb00000, 0x0000000100000000)
  eden space 15360K, 0% used [0x00000000ec200000,0x00000000ec200000,0x00000000ed100000)
  from space 2560K, 83% used [0x00000000ed380000,0x00000000ed594a80,0x00000000ed600000)
  to   space 2560K, 0% used [0x00000000ed100000,0x00000000ed100000,0x00000000ed380000)
 ParOldGen       total 36864K, used 7181K [0x00000000c4600000, 0x00000000c6a00000, 0x00000000ec200000)
  object space 36864K, 19% used [0x00000000c4600000,0x00000000c4d03648,0x00000000c6a00000)
 Metaspace       used 26205K, capacity 27380K, committed 27648K, reserved 1073152K
  class space    used 3771K, capacity 3989K, committed 4096K, reserved 1048576K
}
Event: 23,272 GC heap before
{Heap before GC invocations=6 (full 1):
 PSYoungGen      total 17920K, used 17439K [0x00000000ec200000, 0x00000000edb00000, 0x0000000100000000)
  eden space 15360K, 99% used [0x00000000ec200000,0x00000000ed0f31b0,0x00000000ed100000)
  from space 2560K, 83% used [0x00000000ed380000,0x00000000ed594a80,0x00000000ed600000)
  to   space 2560K, 0% used [0x00000000ed100000,0x00000000ed100000,0x00000000ed380000)
 ParOldGen       total 36864K, used 7181K [0x00000000c4600000, 0x00000000c6a00000, 0x00000000ec200000)
  object space 36864K, 19% used [0x00000000c4600000,0x00000000c4d03648,0x00000000c6a00000)
 Metaspace       used 28935K, capacity 30178K, committed 30464K, reserved 1075200K
  class space    used 3992K, capacity 4226K, committed 4352K, reserved 1048576K
Event: 23,281 GC heap after
Heap after GC invocations=6 (full 1):
 PSYoungGen      total 17920K, used 2544K [0x00000000ec200000, 0x00000000ee000000, 0x0000000100000000)
  eden space 15360K, 0% used [0x00000000ec200000,0x00000000ec200000,0x00000000ed100000)
  from space 2560K, 99% used [0x00000000ed100000,0x00000000ed37c348,0x00000000ed380000)
  to   space 5632K, 0% used [0x00000000eda80000,0x00000000eda80000,0x00000000ee000000)
 ParOldGen       total 36864K, used 7906K [0x00000000c4600000, 0x00000000c6a00000, 0x00000000ec200000)
  object space 36864K, 21% used [0x00000000c4600000,0x00000000c4db89b0,0x00000000c6a00000)
 Metaspace       used 28935K, capacity 30178K, committed 30464K, reserved 1075200K
  class space    used 3992K, capacity 4226K, committed 4352K, reserved 1048576K
}
Event: 25,188 GC heap before
{Heap before GC invocations=7 (full 1):
 PSYoungGen      total 17920K, used 17904K [0x00000000ec200000, 0x00000000ee000000, 0x0000000100000000)
  eden space 15360K, 100% used [0x00000000ec200000,0x00000000ed100000,0x00000000ed100000)
  from space 2560K, 99% used [0x00000000ed100000,0x00000000ed37c348,0x00000000ed380000)
  to   space 5632K, 0% used [0x00000000eda80000,0x00000000eda80000,0x00000000ee000000)
 ParOldGen       total 36864K, used 17203K [0x00000000c4600000, 0x00000000c6a00000, 0x00000000ec200000)
  object space 36864K, 46% used [0x00000000c4600000,0x00000000c56ccdc0,0x00000000c6a00000)
 Metaspace       used 29327K, capacity 30588K, committed 30720K, reserved 1075200K
  class space    used 4034K, capacity 4269K, committed 4352K, reserved 1048576K
Event: 25,197 GC heap after
Heap after GC invocations=7 (full 1):
 PSYoungGen      total 25088K, used 2672K [0x00000000ec200000, 0x00000000ee000000, 0x0000000100000000)
  eden space 19456K, 0% used [0x00000000ec200000,0x00000000ec200000,0x00000000ed500000)
  from space 5632K, 47% used [0x00000000eda80000,0x00000000edd1c058,0x00000000ee000000)
  to   space 5632K, 0% used [0x00000000ed500000,0x00000000ed500000,0x00000000eda80000)
 ParOldGen       total 36864K, used 17211K [0x00000000c4600000, 0x00000000c6a00000, 0x00000000ec200000)
  object space 36864K, 46% used [0x00000000c4600000,0x00000000c56cedc0,0x00000000c6a00000)
 Metaspace       used 29327K, capacity 30588K, committed 30720K, reserved 1075200K
  class space    used 4034K, capacity 4269K, committed 4352K, reserved 1048576K
}
Event: 25,603 GC heap before
{Heap before GC invocations=8 (full 1):
 PSYoungGen      total 25088K, used 22128K [0x00000000ec200000, 0x00000000ee000000, 0x0000000100000000)
  eden space 19456K, 100% used [0x00000000ec200000,0x00000000ed500000,0x00000000ed500000)
  from space 5632K, 47% used [0x00000000eda80000,0x00000000edd1c058,0x00000000ee000000)
  to   space 5632K, 0% used [0x00000000ed500000,0x00000000ed500000,0x00000000eda80000)
 ParOldGen       total 74240K, used 54399K [0x00000000c4600000, 0x00000000c8e80000, 0x00000000ec200000)
  object space 74240K, 73% used [0x00000000c4600000,0x00000000c7b1fdd0,0x00000000c8e80000)
 Metaspace       used 29346K, capacity 30588K, committed 30720K, reserved 1075200K
  class space    used 4034K, capacity 4269K, committed 4352K, reserved 1048576K
Event: 25,610 GC heap after
Heap after GC invocations=8 (full 1):
 PSYoungGen      total 25088K, used 2656K [0x00000000ec200000, 0x00000000ee700000, 0x0000000100000000)
  eden space 19456K, 0% used [0x00000000ec200000,0x00000000ec200000,0x00000000ed500000)
  from space 5632K, 47% used [0x00000000ed500000,0x00000000ed798048,0x00000000eda80000)
  to   space 5632K, 0% used [0x00000000ee180000,0x00000000ee180000,0x00000000ee700000)
 ParOldGen       total 74240K, used 54407K [0x00000000c4600000, 0x00000000c8e80000, 0x00000000ec200000)
  object space 74240K, 73% used [0x00000000c4600000,0x00000000c7b21dd0,0x00000000c8e80000)
 Metaspace       used 29346K, capacity 30588K, committed 30720K, reserved 1075200K
  class space    used 4034K, capacity 4269K, committed 4352K, reserved 1048576K
}

